2023-03-17 07:59:20,245 [Worker-1: Loading available Gradle versions] INFO  o.e.b.c.i.u.g.PublishedGradleVersions - Gradle version information cache is up-to-date. Trying to read.
2023-03-18 07:36:19,968 [Worker-2: Loading available Gradle versions] INFO  o.e.b.c.i.u.g.PublishedGradleVersions - Gradle version information cache is out-of-date. Trying to update.
2023-03-20 07:29:33,641 [Worker-4: Loading available Gradle versions] INFO  o.e.b.c.i.u.g.PublishedGradleVersions - Gradle version information cache is out-of-date. Trying to update.
2023-03-21 07:34:43,056 [Worker-4: Loading available Gradle versions] INFO  o.e.b.c.i.u.g.PublishedGradleVersions - Gradle version information cache is out-of-date. Trying to update.
2023-03-22 07:35:03,776 [Worker-2: Loading available Gradle versions] INFO  o.e.b.c.i.u.g.PublishedGradleVersions - Gradle version information cache is out-of-date. Trying to update.
2023-03-23 07:34:51,812 [Worker-5: Loading available Gradle versions] INFO  o.e.b.c.i.u.g.PublishedGradleVersions - Gradle version information cache is up-to-date. Trying to read.
2023-03-24 07:25:53,008 [Worker-0: Loading available Gradle versions] INFO  o.e.b.c.i.u.g.PublishedGradleVersions - Gradle version information cache is up-to-date. Trying to read.
2023-03-27 07:40:16,725 [Worker-3: Loading available Gradle versions] INFO  o.e.b.c.i.u.g.PublishedGradleVersions - Gradle version information cache is out-of-date. Trying to update.
2023-03-28 07:36:58,288 [Worker-2: Loading available Gradle versions] INFO  o.e.b.c.i.u.g.PublishedGradleVersions - Gradle version information cache is up-to-date. Trying to read.
2023-03-29 07:38:44,662 [Worker-2: Loading available Gradle versions] INFO  o.e.b.c.i.u.g.PublishedGradleVersions - Gradle version information cache is out-of-date. Trying to update.
2023-04-03 07:08:52,088 [Worker-2: Loading available Gradle versions] INFO  o.e.b.c.i.u.g.PublishedGradleVersions - Gradle version information cache is up-to-date. Trying to read.
2023-04-04 07:41:09,385 [Worker-5: Loading available Gradle versions] INFO  o.e.b.c.i.u.g.PublishedGradleVersions - Gradle version information cache is up-to-date. Trying to read.
2023-04-05 07:37:26,929 [Worker-4: Loading available Gradle versions] INFO  o.e.b.c.i.u.g.PublishedGradleVersions - Gradle version information cache is out-of-date. Trying to update.
2023-04-07 07:32:02,089 [Worker-0: Loading available Gradle versions] INFO  o.e.b.c.i.u.g.PublishedGradleVersions - Gradle version information cache is up-to-date. Trying to read.
2023-04-11 07:41:34,608 [Worker-3: Loading available Gradle versions] INFO  o.e.b.c.i.u.g.PublishedGradleVersions - Gradle version information cache is up-to-date. Trying to read.
2023-04-12 07:37:42,556 [Worker-3: Loading available Gradle versions] INFO  o.e.b.c.i.u.g.PublishedGradleVersions - Gradle version information cache is up-to-date. Trying to read.
2023-04-12 07:59:00,602 [Worker-29: Creating project "Learning_Selenium_mvn"] INFO  o.e.m.c.i.l.LifecycleMappingFactory - Using org.eclipse.m2e.jdt.JarLifecycleMapping lifecycle mapping for MavenProject: com.test:Learning_Selenium_mvn:0.0.1-SNAPSHOT @ D:\workspace\Java\Selenium-Purva\Learning_Selenium_mvn\pom.xml.
2023-04-12 07:59:01,090 [Worker-29: Creating project "Learning_Selenium_mvn"] INFO  o.e.m.j.i.AbstractJavaProjectConfigurator - Adding source folder /Learning_Selenium_mvn/src/main/java
2023-04-12 07:59:01,093 [Worker-29: Creating project "Learning_Selenium_mvn"] INFO  o.e.m.j.i.AbstractJavaProjectConfigurator - Adding resource folder /Learning_Selenium_mvn/src/main/resources
2023-04-12 07:59:01,094 [Worker-29: Creating project "Learning_Selenium_mvn"] INFO  o.e.m.j.i.AbstractJavaProjectConfigurator - Adding source folder /Learning_Selenium_mvn/src/test/java
2023-04-12 07:59:01,094 [Worker-29: Creating project "Learning_Selenium_mvn"] INFO  o.e.m.j.i.AbstractJavaProjectConfigurator - Adding resource folder /Learning_Selenium_mvn/src/test/resources
2023-04-12 07:59:01,527 [Worker-30: Building] WARN  o.e.m.c.i.embedder.EclipseLogger - Using platform encoding (Cp1252 actually) to copy filtered resources, i.e. build is platform dependent!
2023-04-12 07:59:01,535 [Worker-30: Building] INFO  o.e.m.c.i.embedder.EclipseLogger - Copying 0 resource
2023-04-12 07:59:01,538 [Worker-30: Building] WARN  o.e.m.c.i.embedder.EclipseLogger - Using platform encoding (Cp1252 actually) to copy filtered resources, i.e. build is platform dependent!
2023-04-12 07:59:01,539 [Worker-30: Building] INFO  o.e.m.c.i.embedder.EclipseLogger - Copying 0 resource
2023-04-12 08:00:46,993 [Worker-32: Building] INFO  o.e.m.c.i.l.LifecycleMappingFactory - Using org.eclipse.m2e.jdt.JarLifecycleMapping lifecycle mapping for MavenProject: com.test:Learning_Selenium_mvn:0.0.1-SNAPSHOT @ D:\workspace\Java\Selenium-Purva\Learning_Selenium_mvn\pom.xml.
2023-04-12 08:00:48,557 [Worker-32: Building] WARN  o.e.m.c.i.embedder.EclipseLogger - Using platform encoding (Cp1252 actually) to copy filtered resources, i.e. build is platform dependent!
2023-04-12 08:00:48,563 [Worker-32: Building] INFO  o.e.m.c.i.embedder.EclipseLogger - Copying 0 resource
2023-04-12 08:00:48,575 [Worker-32: Building] WARN  o.e.m.c.i.embedder.EclipseLogger - Using platform encoding (Cp1252 actually) to copy filtered resources, i.e. build is platform dependent!
2023-04-12 08:00:48,579 [Worker-32: Building] INFO  o.e.m.c.i.embedder.EclipseLogger - Copying 0 resource
2023-04-12 08:00:50,233 [Worker-29: Building] WARN  o.e.m.c.i.embedder.EclipseLogger - Using platform encoding (Cp1252 actually) to copy filtered resources, i.e. build is platform dependent!
2023-04-12 08:00:50,236 [Worker-29: Building] INFO  o.e.m.c.i.embedder.EclipseLogger - Copying 0 resource
2023-04-12 08:00:50,238 [Worker-29: Building] WARN  o.e.m.c.i.embedder.EclipseLogger - Using platform encoding (Cp1252 actually) to copy filtered resources, i.e. build is platform dependent!
2023-04-12 08:00:50,238 [Worker-29: Building] INFO  o.e.m.c.i.embedder.EclipseLogger - Copying 0 resource
2023-04-12 08:01:16,926 [Worker-31: Building] INFO  o.e.m.c.i.l.LifecycleMappingFactory - Using org.eclipse.m2e.jdt.JarLifecycleMapping lifecycle mapping for MavenProject: com.test:Learning_Selenium_mvn:0.0.1-SNAPSHOT @ D:\workspace\Java\Selenium-Purva\Learning_Selenium_mvn\pom.xml.
2023-04-12 08:01:17,345 [Worker-31: Building] WARN  o.e.m.c.i.embedder.EclipseLogger - Using platform encoding (Cp1252 actually) to copy filtered resources, i.e. build is platform dependent!
2023-04-12 08:01:17,349 [Worker-31: Building] INFO  o.e.m.c.i.embedder.EclipseLogger - Copying 0 resource
2023-04-12 08:01:17,351 [Worker-31: Building] WARN  o.e.m.c.i.embedder.EclipseLogger - Using platform encoding (Cp1252 actually) to copy filtered resources, i.e. build is platform dependent!
2023-04-12 08:01:17,353 [Worker-31: Building] INFO  o.e.m.c.i.embedder.EclipseLogger - Copying 0 resource
2023-04-12 08:01:18,821 [Worker-31: Building] WARN  o.e.m.c.i.embedder.EclipseLogger - Using platform encoding (Cp1252 actually) to copy filtered resources, i.e. build is platform dependent!
2023-04-12 08:01:18,823 [Worker-31: Building] INFO  o.e.m.c.i.embedder.EclipseLogger - Copying 0 resource
2023-04-12 08:01:18,827 [Worker-31: Building] WARN  o.e.m.c.i.embedder.EclipseLogger - Using platform encoding (Cp1252 actually) to copy filtered resources, i.e. build is platform dependent!
2023-04-12 08:01:18,827 [Worker-31: Building] INFO  o.e.m.c.i.embedder.EclipseLogger - Copying 0 resource
2023-04-12 08:01:24,553 [Worker-32: Building] INFO  o.e.m.c.i.l.LifecycleMappingFactory - Using org.eclipse.m2e.jdt.JarLifecycleMapping lifecycle mapping for MavenProject: com.test:Learning_Selenium_mvn:0.0.1-SNAPSHOT @ D:\workspace\Java\Selenium-Purva\Learning_Selenium_mvn\pom.xml.
2023-04-12 08:01:25,127 [Worker-32: Building] WARN  o.e.m.c.i.embedder.EclipseLogger - Using platform encoding (Cp1252 actually) to copy filtered resources, i.e. build is platform dependent!
2023-04-12 08:01:25,135 [Worker-32: Building] INFO  o.e.m.c.i.embedder.EclipseLogger - Copying 0 resource
2023-04-12 08:01:25,143 [Worker-32: Building] WARN  o.e.m.c.i.embedder.EclipseLogger - Using platform encoding (Cp1252 actually) to copy filtered resources, i.e. build is platform dependent!
2023-04-12 08:01:25,144 [Worker-32: Building] INFO  o.e.m.c.i.embedder.EclipseLogger - Copying 0 resource
2023-04-12 08:01:26,353 [Worker-11: Building] WARN  o.e.m.c.i.embedder.EclipseLogger - Using platform encoding (Cp1252 actually) to copy filtered resources, i.e. build is platform dependent!
2023-04-12 08:01:26,355 [Worker-11: Building] INFO  o.e.m.c.i.embedder.EclipseLogger - Copying 0 resource
2023-04-12 08:01:26,362 [Worker-11: Building] WARN  o.e.m.c.i.embedder.EclipseLogger - Using platform encoding (Cp1252 actually) to copy filtered resources, i.e. build is platform dependent!
2023-04-12 08:01:26,365 [Worker-11: Building] INFO  o.e.m.c.i.embedder.EclipseLogger - Copying 0 resource
2023-04-12 08:02:00,183 [Worker-11: Building] WARN  o.e.m.c.i.embedder.EclipseLogger - Using platform encoding (Cp1252 actually) to copy filtered resources, i.e. build is platform dependent!
2023-04-12 08:02:00,184 [Worker-11: Building] INFO  o.e.m.c.i.embedder.EclipseLogger - Copying 0 resource
2023-04-12 08:02:00,187 [Worker-11: Building] WARN  o.e.m.c.i.embedder.EclipseLogger - Using platform encoding (Cp1252 actually) to copy filtered resources, i.e. build is platform dependent!
2023-04-12 08:02:00,188 [Worker-11: Building] INFO  o.e.m.c.i.embedder.EclipseLogger - Copying 0 resource
2023-04-12 08:11:20,080 [Worker-11: Launching BrowserDemo (1)] WARN  o.e.m.c.i.embedder.EclipseLogger - Using platform encoding (Cp1252 actually) to copy filtered resources, i.e. build is platform dependent!
2023-04-12 08:11:20,087 [Worker-11: Launching BrowserDemo (1)] INFO  o.e.m.c.i.embedder.EclipseLogger - Copying 0 resource
2023-04-12 08:11:20,092 [Worker-11: Launching BrowserDemo (1)] WARN  o.e.m.c.i.embedder.EclipseLogger - Using platform encoding (Cp1252 actually) to copy filtered resources, i.e. build is platform dependent!
2023-04-12 08:11:20,097 [Worker-11: Launching BrowserDemo (1)] INFO  o.e.m.c.i.embedder.EclipseLogger - Copying 0 resource
2023-04-12 08:11:41,244 [Worker-37: Building] WARN  o.e.m.c.i.embedder.EclipseLogger - Using platform encoding (Cp1252 actually) to copy filtered resources, i.e. build is platform dependent!
2023-04-12 08:11:41,246 [Worker-37: Building] INFO  o.e.m.c.i.embedder.EclipseLogger - Copying 0 resource
2023-04-12 08:11:41,249 [Worker-37: Building] WARN  o.e.m.c.i.embedder.EclipseLogger - Using platform encoding (Cp1252 actually) to copy filtered resources, i.e. build is platform dependent!
2023-04-12 08:11:41,253 [Worker-37: Building] INFO  o.e.m.c.i.embedder.EclipseLogger - Copying 0 resource
2023-04-12 08:11:59,384 [Worker-37: Building] WARN  o.e.m.c.i.embedder.EclipseLogger - Using platform encoding (Cp1252 actually) to copy filtered resources, i.e. build is platform dependent!
2023-04-12 08:11:59,390 [Worker-37: Building] INFO  o.e.m.c.i.embedder.EclipseLogger - Copying 0 resource
2023-04-12 08:11:59,397 [Worker-37: Building] WARN  o.e.m.c.i.embedder.EclipseLogger - Using platform encoding (Cp1252 actually) to copy filtered resources, i.e. build is platform dependent!
2023-04-12 08:11:59,399 [Worker-37: Building] INFO  o.e.m.c.i.embedder.EclipseLogger - Copying 0 resource
2023-04-12 08:12:29,767 [Worker-37: Launching B002_FirstTest] WARN  o.e.m.c.i.embedder.EclipseLogger - Using platform encoding (Cp1252 actually) to copy filtered resources, i.e. build is platform dependent!
2023-04-12 08:12:29,775 [Worker-37: Launching B002_FirstTest] INFO  o.e.m.c.i.embedder.EclipseLogger - Copying 0 resource
2023-04-12 08:12:29,788 [Worker-37: Launching B002_FirstTest] WARN  o.e.m.c.i.embedder.EclipseLogger - Using platform encoding (Cp1252 actually) to copy filtered resources, i.e. build is platform dependent!
2023-04-12 08:12:29,793 [Worker-37: Launching B002_FirstTest] INFO  o.e.m.c.i.embedder.EclipseLogger - Copying 0 resource
2023-04-12 08:13:08,645 [Worker-36: Launching B002_FirstTest] WARN  o.e.m.c.i.embedder.EclipseLogger - Using platform encoding (Cp1252 actually) to copy filtered resources, i.e. build is platform dependent!
2023-04-12 08:13:08,649 [Worker-36: Launching B002_FirstTest] INFO  o.e.m.c.i.embedder.EclipseLogger - Copying 0 resource
2023-04-12 08:13:08,663 [Worker-36: Launching B002_FirstTest] WARN  o.e.m.c.i.embedder.EclipseLogger - Using platform encoding (Cp1252 actually) to copy filtered resources, i.e. build is platform dependent!
2023-04-12 08:13:08,669 [Worker-36: Launching B002_FirstTest] INFO  o.e.m.c.i.embedder.EclipseLogger - Copying 0 resource
2023-04-12 08:13:43,908 [Worker-38: Launching B002_FirstTest] WARN  o.e.m.c.i.embedder.EclipseLogger - Using platform encoding (Cp1252 actually) to copy filtered resources, i.e. build is platform dependent!
2023-04-12 08:13:43,913 [Worker-38: Launching B002_FirstTest] INFO  o.e.m.c.i.embedder.EclipseLogger - Copying 0 resource
2023-04-12 08:13:43,919 [Worker-38: Launching B002_FirstTest] WARN  o.e.m.c.i.embedder.EclipseLogger - Using platform encoding (Cp1252 actually) to copy filtered resources, i.e. build is platform dependent!
2023-04-12 08:13:43,920 [Worker-38: Launching B002_FirstTest] INFO  o.e.m.c.i.embedder.EclipseLogger - Copying 0 resource
2023-04-12 08:15:39,581 [Worker-37: Building] WARN  o.e.m.c.i.embedder.EclipseLogger - Using platform encoding (Cp1252 actually) to copy filtered resources, i.e. build is platform dependent!
2023-04-12 08:15:39,582 [Worker-37: Building] INFO  o.e.m.c.i.embedder.EclipseLogger - Copying 0 resource
2023-04-12 08:15:39,584 [Worker-37: Building] WARN  o.e.m.c.i.embedder.EclipseLogger - Using platform encoding (Cp1252 actually) to copy filtered resources, i.e. build is platform dependent!
2023-04-12 08:15:39,585 [Worker-37: Building] INFO  o.e.m.c.i.embedder.EclipseLogger - Copying 0 resource
2023-04-12 08:15:41,428 [Worker-36: Building] WARN  o.e.m.c.i.embedder.EclipseLogger - Using platform encoding (Cp1252 actually) to copy filtered resources, i.e. build is platform dependent!
2023-04-12 08:15:41,429 [Worker-36: Building] INFO  o.e.m.c.i.embedder.EclipseLogger - Copying 0 resource
2023-04-12 08:15:41,435 [Worker-36: Building] WARN  o.e.m.c.i.embedder.EclipseLogger - Using platform encoding (Cp1252 actually) to copy filtered resources, i.e. build is platform dependent!
2023-04-12 08:15:41,436 [Worker-36: Building] INFO  o.e.m.c.i.embedder.EclipseLogger - Copying 0 resource
2023-04-12 08:16:01,568 [Worker-37: Building] WARN  o.e.m.c.i.embedder.EclipseLogger - Using platform encoding (Cp1252 actually) to copy filtered resources, i.e. build is platform dependent!
2023-04-12 08:16:01,569 [Worker-37: Building] INFO  o.e.m.c.i.embedder.EclipseLogger - Copying 0 resource
2023-04-12 08:16:01,573 [Worker-37: Building] WARN  o.e.m.c.i.embedder.EclipseLogger - Using platform encoding (Cp1252 actually) to copy filtered resources, i.e. build is platform dependent!
2023-04-12 08:16:01,574 [Worker-37: Building] INFO  o.e.m.c.i.embedder.EclipseLogger - Copying 0 resource
2023-04-12 08:16:40,676 [Worker-38: Launching B002_FirstTest] WARN  o.e.m.c.i.embedder.EclipseLogger - Using platform encoding (Cp1252 actually) to copy filtered resources, i.e. build is platform dependent!
2023-04-12 08:16:40,679 [Worker-38: Launching B002_FirstTest] INFO  o.e.m.c.i.embedder.EclipseLogger - Copying 0 resource
2023-04-12 08:16:40,683 [Worker-38: Launching B002_FirstTest] WARN  o.e.m.c.i.embedder.EclipseLogger - Using platform encoding (Cp1252 actually) to copy filtered resources, i.e. build is platform dependent!
2023-04-12 08:16:40,685 [Worker-38: Launching B002_FirstTest] INFO  o.e.m.c.i.embedder.EclipseLogger - Copying 0 resource
2023-04-12 08:19:43,289 [Worker-36: Building] WARN  o.e.m.c.i.embedder.EclipseLogger - Using platform encoding (Cp1252 actually) to copy filtered resources, i.e. build is platform dependent!
2023-04-12 08:19:43,293 [Worker-36: Building] INFO  o.e.m.c.i.embedder.EclipseLogger - Copying 0 resource
2023-04-12 08:19:43,299 [Worker-36: Building] WARN  o.e.m.c.i.embedder.EclipseLogger - Using platform encoding (Cp1252 actually) to copy filtered resources, i.e. build is platform dependent!
2023-04-12 08:19:43,302 [Worker-36: Building] INFO  o.e.m.c.i.embedder.EclipseLogger - Copying 0 resource
2023-04-12 08:22:58,767 [Worker-36: Launching B003_FbLogin] WARN  o.e.m.c.i.embedder.EclipseLogger - Using platform encoding (Cp1252 actually) to copy filtered resources, i.e. build is platform dependent!
2023-04-12 08:22:58,769 [Worker-36: Launching B003_FbLogin] INFO  o.e.m.c.i.embedder.EclipseLogger - Copying 0 resource
2023-04-12 08:22:58,775 [Worker-36: Launching B003_FbLogin] WARN  o.e.m.c.i.embedder.EclipseLogger - Using platform encoding (Cp1252 actually) to copy filtered resources, i.e. build is platform dependent!
2023-04-12 08:22:58,778 [Worker-36: Launching B003_FbLogin] INFO  o.e.m.c.i.embedder.EclipseLogger - Copying 0 resource
2023-04-12 08:24:12,752 [Worker-36: Launching B003_FbLogin] WARN  o.e.m.c.i.embedder.EclipseLogger - Using platform encoding (Cp1252 actually) to copy filtered resources, i.e. build is platform dependent!
2023-04-12 08:24:12,754 [Worker-36: Launching B003_FbLogin] INFO  o.e.m.c.i.embedder.EclipseLogger - Copying 0 resource
2023-04-12 08:24:12,763 [Worker-36: Launching B003_FbLogin] WARN  o.e.m.c.i.embedder.EclipseLogger - Using platform encoding (Cp1252 actually) to copy filtered resources, i.e. build is platform dependent!
2023-04-12 08:24:12,766 [Worker-36: Launching B003_FbLogin] INFO  o.e.m.c.i.embedder.EclipseLogger - Copying 0 resource
2023-04-13 07:40:30,520 [Worker-3: Loading available Gradle versions] INFO  o.e.b.c.i.u.g.PublishedGradleVersions - Gradle version information cache is out-of-date. Trying to update.
2023-04-13 07:47:15,901 [Worker-23: Building] WARN  o.e.m.c.i.embedder.EclipseLogger - Using platform encoding (Cp1252 actually) to copy filtered resources, i.e. build is platform dependent!
2023-04-13 07:47:15,912 [Worker-23: Building] INFO  o.e.m.c.i.embedder.EclipseLogger - Copying 0 resource
2023-04-13 07:47:15,918 [Worker-23: Building] WARN  o.e.m.c.i.embedder.EclipseLogger - Using platform encoding (Cp1252 actually) to copy filtered resources, i.e. build is platform dependent!
2023-04-13 07:47:15,919 [Worker-23: Building] INFO  o.e.m.c.i.embedder.EclipseLogger - Copying 0 resource
2023-04-13 07:47:32,986 [Worker-23: Building] WARN  o.e.m.c.i.embedder.EclipseLogger - Using platform encoding (Cp1252 actually) to copy filtered resources, i.e. build is platform dependent!
2023-04-13 07:47:32,999 [Worker-23: Building] INFO  o.e.m.c.i.embedder.EclipseLogger - Copying 0 resource
2023-04-13 07:47:33,007 [Worker-23: Building] WARN  o.e.m.c.i.embedder.EclipseLogger - Using platform encoding (Cp1252 actually) to copy filtered resources, i.e. build is platform dependent!
2023-04-13 07:47:33,013 [Worker-23: Building] INFO  o.e.m.c.i.embedder.EclipseLogger - Copying 0 resource
2023-04-13 07:56:52,767 [Worker-27: Launching B004_FBSignUp] WARN  o.e.m.c.i.embedder.EclipseLogger - Using platform encoding (Cp1252 actually) to copy filtered resources, i.e. build is platform dependent!
2023-04-13 07:56:52,769 [Worker-27: Launching B004_FBSignUp] INFO  o.e.m.c.i.embedder.EclipseLogger - Copying 0 resource
2023-04-13 07:56:52,774 [Worker-27: Launching B004_FBSignUp] WARN  o.e.m.c.i.embedder.EclipseLogger - Using platform encoding (Cp1252 actually) to copy filtered resources, i.e. build is platform dependent!
2023-04-13 07:56:52,775 [Worker-27: Launching B004_FBSignUp] INFO  o.e.m.c.i.embedder.EclipseLogger - Copying 0 resource
2023-04-13 07:59:18,361 [Worker-26: Building] WARN  o.e.m.c.i.embedder.EclipseLogger - Using platform encoding (Cp1252 actually) to copy filtered resources, i.e. build is platform dependent!
2023-04-13 07:59:18,363 [Worker-26: Building] INFO  o.e.m.c.i.embedder.EclipseLogger - Copying 0 resource
2023-04-13 07:59:18,364 [Worker-26: Building] WARN  o.e.m.c.i.embedder.EclipseLogger - Using platform encoding (Cp1252 actually) to copy filtered resources, i.e. build is platform dependent!
2023-04-13 07:59:18,366 [Worker-26: Building] INFO  o.e.m.c.i.embedder.EclipseLogger - Copying 0 resource
2023-04-13 08:00:35,882 [Worker-26: Launching B004_FBSignUp] WARN  o.e.m.c.i.embedder.EclipseLogger - Using platform encoding (Cp1252 actually) to copy filtered resources, i.e. build is platform dependent!
2023-04-13 08:00:35,884 [Worker-26: Launching B004_FBSignUp] INFO  o.e.m.c.i.embedder.EclipseLogger - Copying 0 resource
2023-04-13 08:00:35,887 [Worker-26: Launching B004_FBSignUp] WARN  o.e.m.c.i.embedder.EclipseLogger - Using platform encoding (Cp1252 actually) to copy filtered resources, i.e. build is platform dependent!
2023-04-13 08:00:35,889 [Worker-26: Launching B004_FBSignUp] INFO  o.e.m.c.i.embedder.EclipseLogger - Copying 0 resource
2023-04-13 08:00:57,537 [Worker-27: Building] WARN  o.e.m.c.i.embedder.EclipseLogger - Using platform encoding (Cp1252 actually) to copy filtered resources, i.e. build is platform dependent!
2023-04-13 08:00:57,539 [Worker-27: Building] INFO  o.e.m.c.i.embedder.EclipseLogger - Copying 0 resource
2023-04-13 08:00:57,542 [Worker-27: Building] WARN  o.e.m.c.i.embedder.EclipseLogger - Using platform encoding (Cp1252 actually) to copy filtered resources, i.e. build is platform dependent!
2023-04-13 08:00:57,544 [Worker-27: Building] INFO  o.e.m.c.i.embedder.EclipseLogger - Copying 0 resource
2023-04-13 08:06:05,788 [Worker-29: Launching B004_FBSignUp] WARN  o.e.m.c.i.embedder.EclipseLogger - Using platform encoding (Cp1252 actually) to copy filtered resources, i.e. build is platform dependent!
2023-04-13 08:06:05,789 [Worker-29: Launching B004_FBSignUp] INFO  o.e.m.c.i.embedder.EclipseLogger - Copying 0 resource
2023-04-13 08:06:05,793 [Worker-29: Launching B004_FBSignUp] WARN  o.e.m.c.i.embedder.EclipseLogger - Using platform encoding (Cp1252 actually) to copy filtered resources, i.e. build is platform dependent!
2023-04-13 08:06:05,799 [Worker-29: Launching B004_FBSignUp] INFO  o.e.m.c.i.embedder.EclipseLogger - Copying 0 resource
2023-04-13 08:06:21,983 [Worker-27: Launching B004_FBSignUp] WARN  o.e.m.c.i.embedder.EclipseLogger - Using platform encoding (Cp1252 actually) to copy filtered resources, i.e. build is platform dependent!
2023-04-13 08:06:21,985 [Worker-27: Launching B004_FBSignUp] INFO  o.e.m.c.i.embedder.EclipseLogger - Copying 0 resource
2023-04-13 08:06:21,995 [Worker-27: Launching B004_FBSignUp] WARN  o.e.m.c.i.embedder.EclipseLogger - Using platform encoding (Cp1252 actually) to copy filtered resources, i.e. build is platform dependent!
2023-04-13 08:06:21,999 [Worker-27: Launching B004_FBSignUp] INFO  o.e.m.c.i.embedder.EclipseLogger - Copying 0 resource
2023-04-13 08:07:28,461 [Worker-26: Building] WARN  o.e.m.c.i.embedder.EclipseLogger - Using platform encoding (Cp1252 actually) to copy filtered resources, i.e. build is platform dependent!
2023-04-13 08:07:28,463 [Worker-26: Building] INFO  o.e.m.c.i.embedder.EclipseLogger - Copying 0 resource
2023-04-13 08:07:28,467 [Worker-26: Building] WARN  o.e.m.c.i.embedder.EclipseLogger - Using platform encoding (Cp1252 actually) to copy filtered resources, i.e. build is platform dependent!
2023-04-13 08:07:28,469 [Worker-26: Building] INFO  o.e.m.c.i.embedder.EclipseLogger - Copying 0 resource
2023-04-13 08:08:08,433 [Worker-27: Building] WARN  o.e.m.c.i.embedder.EclipseLogger - Using platform encoding (Cp1252 actually) to copy filtered resources, i.e. build is platform dependent!
2023-04-13 08:08:08,442 [Worker-27: Building] INFO  o.e.m.c.i.embedder.EclipseLogger - Copying 0 resource
2023-04-13 08:08:08,448 [Worker-27: Building] WARN  o.e.m.c.i.embedder.EclipseLogger - Using platform encoding (Cp1252 actually) to copy filtered resources, i.e. build is platform dependent!
2023-04-13 08:08:08,452 [Worker-27: Building] INFO  o.e.m.c.i.embedder.EclipseLogger - Copying 0 resource
2023-04-13 08:08:23,656 [Worker-30: Building] WARN  o.e.m.c.i.embedder.EclipseLogger - Using platform encoding (Cp1252 actually) to copy filtered resources, i.e. build is platform dependent!
2023-04-13 08:08:23,663 [Worker-30: Building] INFO  o.e.m.c.i.embedder.EclipseLogger - Copying 0 resource
2023-04-13 08:08:23,669 [Worker-30: Building] WARN  o.e.m.c.i.embedder.EclipseLogger - Using platform encoding (Cp1252 actually) to copy filtered resources, i.e. build is platform dependent!
2023-04-13 08:08:23,672 [Worker-30: Building] INFO  o.e.m.c.i.embedder.EclipseLogger - Copying 0 resource
2023-04-13 08:11:44,521 [Worker-31: Building] WARN  o.e.m.c.i.embedder.EclipseLogger - Using platform encoding (Cp1252 actually) to copy filtered resources, i.e. build is platform dependent!
2023-04-13 08:11:44,528 [Worker-31: Building] INFO  o.e.m.c.i.embedder.EclipseLogger - Copying 0 resource
2023-04-13 08:11:44,536 [Worker-31: Building] WARN  o.e.m.c.i.embedder.EclipseLogger - Using platform encoding (Cp1252 actually) to copy filtered resources, i.e. build is platform dependent!
2023-04-13 08:11:44,539 [Worker-31: Building] INFO  o.e.m.c.i.embedder.EclipseLogger - Copying 0 resource
2023-04-13 08:13:27,185 [Worker-31: Launching B004_FBSignUp] WARN  o.e.m.c.i.embedder.EclipseLogger - Using platform encoding (Cp1252 actually) to copy filtered resources, i.e. build is platform dependent!
2023-04-13 08:13:27,186 [Worker-31: Launching B004_FBSignUp] INFO  o.e.m.c.i.embedder.EclipseLogger - Copying 0 resource
2023-04-13 08:13:27,190 [Worker-31: Launching B004_FBSignUp] WARN  o.e.m.c.i.embedder.EclipseLogger - Using platform encoding (Cp1252 actually) to copy filtered resources, i.e. build is platform dependent!
2023-04-13 08:13:27,194 [Worker-31: Launching B004_FBSignUp] INFO  o.e.m.c.i.embedder.EclipseLogger - Copying 0 resource
2023-04-13 08:17:36,291 [Worker-36: Building] WARN  o.e.m.c.i.embedder.EclipseLogger - Using platform encoding (Cp1252 actually) to copy filtered resources, i.e. build is platform dependent!
2023-04-13 08:17:36,293 [Worker-36: Building] INFO  o.e.m.c.i.embedder.EclipseLogger - Copying 0 resource
2023-04-13 08:17:36,297 [Worker-36: Building] WARN  o.e.m.c.i.embedder.EclipseLogger - Using platform encoding (Cp1252 actually) to copy filtered resources, i.e. build is platform dependent!
2023-04-13 08:17:36,299 [Worker-36: Building] INFO  o.e.m.c.i.embedder.EclipseLogger - Copying 0 resource
2023-04-13 08:18:36,604 [Worker-33: Launching B005_Linktext_partiallink] WARN  o.e.m.c.i.embedder.EclipseLogger - Using platform encoding (Cp1252 actually) to copy filtered resources, i.e. build is platform dependent!
2023-04-13 08:18:36,605 [Worker-33: Launching B005_Linktext_partiallink] INFO  o.e.m.c.i.embedder.EclipseLogger - Copying 0 resource
2023-04-13 08:18:36,612 [Worker-33: Launching B005_Linktext_partiallink] WARN  o.e.m.c.i.embedder.EclipseLogger - Using platform encoding (Cp1252 actually) to copy filtered resources, i.e. build is platform dependent!
2023-04-13 08:18:36,615 [Worker-33: Launching B005_Linktext_partiallink] INFO  o.e.m.c.i.embedder.EclipseLogger - Copying 0 resource
2023-04-13 08:19:12,748 [Worker-34: Launching B005_Linktext_partiallink] WARN  o.e.m.c.i.embedder.EclipseLogger - Using platform encoding (Cp1252 actually) to copy filtered resources, i.e. build is platform dependent!
2023-04-13 08:19:12,749 [Worker-34: Launching B005_Linktext_partiallink] INFO  o.e.m.c.i.embedder.EclipseLogger - Copying 0 resource
2023-04-13 08:19:12,755 [Worker-34: Launching B005_Linktext_partiallink] WARN  o.e.m.c.i.embedder.EclipseLogger - Using platform encoding (Cp1252 actually) to copy filtered resources, i.e. build is platform dependent!
2023-04-13 08:19:12,758 [Worker-34: Launching B005_Linktext_partiallink] INFO  o.e.m.c.i.embedder.EclipseLogger - Copying 0 resource
2023-04-13 08:19:28,140 [Worker-34: Building] WARN  o.e.m.c.i.embedder.EclipseLogger - Using platform encoding (Cp1252 actually) to copy filtered resources, i.e. build is platform dependent!
2023-04-13 08:19:28,143 [Worker-34: Building] INFO  o.e.m.c.i.embedder.EclipseLogger - Copying 0 resource
2023-04-13 08:19:28,160 [Worker-34: Building] WARN  o.e.m.c.i.embedder.EclipseLogger - Using platform encoding (Cp1252 actually) to copy filtered resources, i.e. build is platform dependent!
2023-04-13 08:19:28,164 [Worker-34: Building] INFO  o.e.m.c.i.embedder.EclipseLogger - Copying 0 resource
2023-04-13 08:20:55,953 [Worker-34: Building] WARN  o.e.m.c.i.embedder.EclipseLogger - Using platform encoding (Cp1252 actually) to copy filtered resources, i.e. build is platform dependent!
2023-04-13 08:20:55,954 [Worker-34: Building] INFO  o.e.m.c.i.embedder.EclipseLogger - Copying 0 resource
2023-04-13 08:20:55,958 [Worker-34: Building] WARN  o.e.m.c.i.embedder.EclipseLogger - Using platform encoding (Cp1252 actually) to copy filtered resources, i.e. build is platform dependent!
2023-04-13 08:20:55,965 [Worker-34: Building] INFO  o.e.m.c.i.embedder.EclipseLogger - Copying 0 resource
2023-04-13 08:22:54,325 [Worker-37: Launching B005_Linktext_partiallink] WARN  o.e.m.c.i.embedder.EclipseLogger - Using platform encoding (Cp1252 actually) to copy filtered resources, i.e. build is platform dependent!
2023-04-13 08:22:54,326 [Worker-37: Launching B005_Linktext_partiallink] INFO  o.e.m.c.i.embedder.EclipseLogger - Copying 0 resource
2023-04-13 08:22:54,328 [Worker-37: Launching B005_Linktext_partiallink] WARN  o.e.m.c.i.embedder.EclipseLogger - Using platform encoding (Cp1252 actually) to copy filtered resources, i.e. build is platform dependent!
2023-04-13 08:22:54,329 [Worker-37: Launching B005_Linktext_partiallink] INFO  o.e.m.c.i.embedder.EclipseLogger - Copying 0 resource
2023-04-13 08:23:35,108 [Worker-36: Launching B005_Linktext_partiallink] WARN  o.e.m.c.i.embedder.EclipseLogger - Using platform encoding (Cp1252 actually) to copy filtered resources, i.e. build is platform dependent!
2023-04-13 08:23:35,110 [Worker-36: Launching B005_Linktext_partiallink] INFO  o.e.m.c.i.embedder.EclipseLogger - Copying 0 resource
2023-04-13 08:23:35,114 [Worker-36: Launching B005_Linktext_partiallink] WARN  o.e.m.c.i.embedder.EclipseLogger - Using platform encoding (Cp1252 actually) to copy filtered resources, i.e. build is platform dependent!
2023-04-13 08:23:35,118 [Worker-36: Launching B005_Linktext_partiallink] INFO  o.e.m.c.i.embedder.EclipseLogger - Copying 0 resource
2023-04-13 08:24:35,171 [Worker-36: Launching B005_Linktext_partiallink] WARN  o.e.m.c.i.embedder.EclipseLogger - Using platform encoding (Cp1252 actually) to copy filtered resources, i.e. build is platform dependent!
2023-04-13 08:24:35,172 [Worker-36: Launching B005_Linktext_partiallink] INFO  o.e.m.c.i.embedder.EclipseLogger - Copying 0 resource
2023-04-13 08:24:35,175 [Worker-36: Launching B005_Linktext_partiallink] WARN  o.e.m.c.i.embedder.EclipseLogger - Using platform encoding (Cp1252 actually) to copy filtered resources, i.e. build is platform dependent!
2023-04-13 08:24:35,176 [Worker-36: Launching B005_Linktext_partiallink] INFO  o.e.m.c.i.embedder.EclipseLogger - Copying 0 resource
2023-04-14 07:34:54,280 [Worker-1: Loading available Gradle versions] INFO  o.e.b.c.i.u.g.PublishedGradleVersions - Gradle version information cache is up-to-date. Trying to read.
2023-04-14 07:38:20,290 [Worker-7: Building] WARN  o.e.m.c.i.embedder.EclipseLogger - Using platform encoding (Cp1252 actually) to copy filtered resources, i.e. build is platform dependent!
2023-04-14 07:38:20,298 [Worker-7: Building] INFO  o.e.m.c.i.embedder.EclipseLogger - Copying 0 resource
2023-04-14 07:38:20,307 [Worker-7: Building] WARN  o.e.m.c.i.embedder.EclipseLogger - Using platform encoding (Cp1252 actually) to copy filtered resources, i.e. build is platform dependent!
2023-04-14 07:38:20,309 [Worker-7: Building] INFO  o.e.m.c.i.embedder.EclipseLogger - Copying 0 resource
2023-04-14 08:04:58,850 [Worker-7: Building] WARN  o.e.m.c.i.embedder.EclipseLogger - Using platform encoding (Cp1252 actually) to copy filtered resources, i.e. build is platform dependent!
2023-04-14 08:04:58,864 [Worker-7: Building] INFO  o.e.m.c.i.embedder.EclipseLogger - Copying 0 resource
2023-04-14 08:04:58,871 [Worker-7: Building] WARN  o.e.m.c.i.embedder.EclipseLogger - Using platform encoding (Cp1252 actually) to copy filtered resources, i.e. build is platform dependent!
2023-04-14 08:04:59,171 [Worker-7: Building] INFO  o.e.m.c.i.embedder.EclipseLogger - Copying 0 resource
2023-04-14 08:09:25,406 [Worker-5: Building] WARN  o.e.m.c.i.embedder.EclipseLogger - Using platform encoding (Cp1252 actually) to copy filtered resources, i.e. build is platform dependent!
2023-04-14 08:09:25,407 [Worker-5: Building] INFO  o.e.m.c.i.embedder.EclipseLogger - Copying 0 resource
2023-04-14 08:09:25,413 [Worker-5: Building] WARN  o.e.m.c.i.embedder.EclipseLogger - Using platform encoding (Cp1252 actually) to copy filtered resources, i.e. build is platform dependent!
2023-04-14 08:09:25,415 [Worker-5: Building] INFO  o.e.m.c.i.embedder.EclipseLogger - Copying 0 resource
2023-04-14 08:09:30,365 [Worker-7: Launching B006_Instalogin] WARN  o.e.m.c.i.embedder.EclipseLogger - Using platform encoding (Cp1252 actually) to copy filtered resources, i.e. build is platform dependent!
2023-04-14 08:09:30,367 [Worker-7: Launching B006_Instalogin] INFO  o.e.m.c.i.embedder.EclipseLogger - Copying 0 resource
2023-04-14 08:09:30,371 [Worker-7: Launching B006_Instalogin] WARN  o.e.m.c.i.embedder.EclipseLogger - Using platform encoding (Cp1252 actually) to copy filtered resources, i.e. build is platform dependent!
2023-04-14 08:09:30,372 [Worker-7: Launching B006_Instalogin] INFO  o.e.m.c.i.embedder.EclipseLogger - Copying 0 resource
2023-04-14 08:11:04,405 [Worker-7: Launching B006_Instalogin] WARN  o.e.m.c.i.embedder.EclipseLogger - Using platform encoding (Cp1252 actually) to copy filtered resources, i.e. build is platform dependent!
2023-04-14 08:11:04,406 [Worker-7: Launching B006_Instalogin] INFO  o.e.m.c.i.embedder.EclipseLogger - Copying 0 resource
2023-04-14 08:11:04,408 [Worker-7: Launching B006_Instalogin] WARN  o.e.m.c.i.embedder.EclipseLogger - Using platform encoding (Cp1252 actually) to copy filtered resources, i.e. build is platform dependent!
2023-04-14 08:11:04,409 [Worker-7: Launching B006_Instalogin] INFO  o.e.m.c.i.embedder.EclipseLogger - Copying 0 resource
2023-04-17 07:37:35,699 [Worker-2: Loading available Gradle versions] INFO  o.e.b.c.i.u.g.PublishedGradleVersions - Gradle version information cache is out-of-date. Trying to update.
2023-04-17 07:42:49,580 [Worker-18: Building] WARN  o.e.m.c.i.embedder.EclipseLogger - Using platform encoding (Cp1252 actually) to copy filtered resources, i.e. build is platform dependent!
2023-04-17 07:42:49,587 [Worker-18: Building] INFO  o.e.m.c.i.embedder.EclipseLogger - Copying 0 resource
2023-04-17 07:42:49,591 [Worker-18: Building] WARN  o.e.m.c.i.embedder.EclipseLogger - Using platform encoding (Cp1252 actually) to copy filtered resources, i.e. build is platform dependent!
2023-04-17 07:42:49,592 [Worker-18: Building] INFO  o.e.m.c.i.embedder.EclipseLogger - Copying 0 resource
2023-04-17 07:44:07,011 [Worker-24: Building] WARN  o.e.m.c.i.embedder.EclipseLogger - Using platform encoding (Cp1252 actually) to copy filtered resources, i.e. build is platform dependent!
2023-04-17 07:44:07,024 [Worker-24: Building] INFO  o.e.m.c.i.embedder.EclipseLogger - Copying 0 resource
2023-04-17 07:44:07,035 [Worker-24: Building] WARN  o.e.m.c.i.embedder.EclipseLogger - Using platform encoding (Cp1252 actually) to copy filtered resources, i.e. build is platform dependent!
2023-04-17 07:44:07,046 [Worker-24: Building] INFO  o.e.m.c.i.embedder.EclipseLogger - Copying 0 resource
2023-04-17 07:46:59,358 [Worker-25: Building] WARN  o.e.m.c.i.embedder.EclipseLogger - Using platform encoding (Cp1252 actually) to copy filtered resources, i.e. build is platform dependent!
2023-04-17 07:46:59,359 [Worker-25: Building] INFO  o.e.m.c.i.embedder.EclipseLogger - Copying 0 resource
2023-04-17 07:46:59,368 [Worker-25: Building] WARN  o.e.m.c.i.embedder.EclipseLogger - Using platform encoding (Cp1252 actually) to copy filtered resources, i.e. build is platform dependent!
2023-04-17 07:46:59,370 [Worker-25: Building] INFO  o.e.m.c.i.embedder.EclipseLogger - Copying 0 resource
2023-04-17 07:47:11,161 [Worker-24: Launching B007_StaticWebTable] WARN  o.e.m.c.i.embedder.EclipseLogger - Using platform encoding (Cp1252 actually) to copy filtered resources, i.e. build is platform dependent!
2023-04-17 07:47:11,164 [Worker-24: Launching B007_StaticWebTable] INFO  o.e.m.c.i.embedder.EclipseLogger - Copying 0 resource
2023-04-17 07:47:11,172 [Worker-24: Launching B007_StaticWebTable] WARN  o.e.m.c.i.embedder.EclipseLogger - Using platform encoding (Cp1252 actually) to copy filtered resources, i.e. build is platform dependent!
2023-04-17 07:47:11,174 [Worker-24: Launching B007_StaticWebTable] INFO  o.e.m.c.i.embedder.EclipseLogger - Copying 0 resource
2023-04-17 07:49:18,695 [Worker-18: Building] WARN  o.e.m.c.i.embedder.EclipseLogger - Using platform encoding (Cp1252 actually) to copy filtered resources, i.e. build is platform dependent!
2023-04-17 07:49:18,696 [Worker-18: Building] INFO  o.e.m.c.i.embedder.EclipseLogger - Copying 0 resource
2023-04-17 07:49:18,698 [Worker-18: Building] WARN  o.e.m.c.i.embedder.EclipseLogger - Using platform encoding (Cp1252 actually) to copy filtered resources, i.e. build is platform dependent!
2023-04-17 07:49:18,699 [Worker-18: Building] INFO  o.e.m.c.i.embedder.EclipseLogger - Copying 0 resource
2023-04-17 07:50:21,165 [Worker-10: Building] WARN  o.e.m.c.i.embedder.EclipseLogger - Using platform encoding (Cp1252 actually) to copy filtered resources, i.e. build is platform dependent!
2023-04-17 07:50:21,171 [Worker-10: Building] INFO  o.e.m.c.i.embedder.EclipseLogger - Copying 0 resource
2023-04-17 07:50:21,174 [Worker-10: Building] WARN  o.e.m.c.i.embedder.EclipseLogger - Using platform encoding (Cp1252 actually) to copy filtered resources, i.e. build is platform dependent!
2023-04-17 07:50:21,178 [Worker-10: Building] INFO  o.e.m.c.i.embedder.EclipseLogger - Copying 0 resource
2023-04-17 07:50:57,921 [Worker-26: Building] WARN  o.e.m.c.i.embedder.EclipseLogger - Using platform encoding (Cp1252 actually) to copy filtered resources, i.e. build is platform dependent!
2023-04-17 07:50:57,922 [Worker-26: Building] INFO  o.e.m.c.i.embedder.EclipseLogger - Copying 0 resource
2023-04-17 07:50:57,924 [Worker-26: Building] WARN  o.e.m.c.i.embedder.EclipseLogger - Using platform encoding (Cp1252 actually) to copy filtered resources, i.e. build is platform dependent!
2023-04-17 07:50:57,925 [Worker-26: Building] INFO  o.e.m.c.i.embedder.EclipseLogger - Copying 0 resource
2023-04-17 07:53:56,422 [Worker-26: Launching B008_dynamicWebtable] WARN  o.e.m.c.i.embedder.EclipseLogger - Using platform encoding (Cp1252 actually) to copy filtered resources, i.e. build is platform dependent!
2023-04-17 07:53:56,424 [Worker-26: Launching B008_dynamicWebtable] INFO  o.e.m.c.i.embedder.EclipseLogger - Copying 0 resource
2023-04-17 07:53:56,434 [Worker-26: Launching B008_dynamicWebtable] WARN  o.e.m.c.i.embedder.EclipseLogger - Using platform encoding (Cp1252 actually) to copy filtered resources, i.e. build is platform dependent!
2023-04-17 07:53:56,435 [Worker-26: Launching B008_dynamicWebtable] INFO  o.e.m.c.i.embedder.EclipseLogger - Copying 0 resource
2023-04-17 07:55:33,123 [Worker-26: Launching B008_dynamicWebtable] WARN  o.e.m.c.i.embedder.EclipseLogger - Using platform encoding (Cp1252 actually) to copy filtered resources, i.e. build is platform dependent!
2023-04-17 07:55:33,129 [Worker-26: Launching B008_dynamicWebtable] INFO  o.e.m.c.i.embedder.EclipseLogger - Copying 0 resource
2023-04-17 07:55:33,136 [Worker-26: Launching B008_dynamicWebtable] WARN  o.e.m.c.i.embedder.EclipseLogger - Using platform encoding (Cp1252 actually) to copy filtered resources, i.e. build is platform dependent!
2023-04-17 07:55:33,139 [Worker-26: Launching B008_dynamicWebtable] INFO  o.e.m.c.i.embedder.EclipseLogger - Copying 0 resource
2023-04-17 08:02:12,723 [Worker-25: Building] WARN  o.e.m.c.i.embedder.EclipseLogger - Using platform encoding (Cp1252 actually) to copy filtered resources, i.e. build is platform dependent!
2023-04-17 08:02:12,724 [Worker-25: Building] INFO  o.e.m.c.i.embedder.EclipseLogger - Copying 0 resource
2023-04-17 08:02:12,729 [Worker-25: Building] WARN  o.e.m.c.i.embedder.EclipseLogger - Using platform encoding (Cp1252 actually) to copy filtered resources, i.e. build is platform dependent!
2023-04-17 08:02:12,735 [Worker-25: Building] INFO  o.e.m.c.i.embedder.EclipseLogger - Copying 0 resource
2023-04-17 08:02:46,517 [Worker-26: Launching B008_dynamicWebtable] WARN  o.e.m.c.i.embedder.EclipseLogger - Using platform encoding (Cp1252 actually) to copy filtered resources, i.e. build is platform dependent!
2023-04-17 08:02:46,519 [Worker-26: Launching B008_dynamicWebtable] INFO  o.e.m.c.i.embedder.EclipseLogger - Copying 0 resource
2023-04-17 08:02:46,527 [Worker-26: Launching B008_dynamicWebtable] WARN  o.e.m.c.i.embedder.EclipseLogger - Using platform encoding (Cp1252 actually) to copy filtered resources, i.e. build is platform dependent!
2023-04-17 08:02:46,530 [Worker-26: Launching B008_dynamicWebtable] INFO  o.e.m.c.i.embedder.EclipseLogger - Copying 0 resource
2023-04-17 08:03:22,933 [Worker-30: Building] WARN  o.e.m.c.i.embedder.EclipseLogger - Using platform encoding (Cp1252 actually) to copy filtered resources, i.e. build is platform dependent!
2023-04-17 08:03:22,934 [Worker-30: Building] INFO  o.e.m.c.i.embedder.EclipseLogger - Copying 0 resource
2023-04-17 08:03:22,935 [Worker-30: Building] WARN  o.e.m.c.i.embedder.EclipseLogger - Using platform encoding (Cp1252 actually) to copy filtered resources, i.e. build is platform dependent!
2023-04-17 08:03:22,936 [Worker-30: Building] INFO  o.e.m.c.i.embedder.EclipseLogger - Copying 0 resource
2023-04-17 08:03:29,059 [Worker-29: Building] WARN  o.e.m.c.i.embedder.EclipseLogger - Using platform encoding (Cp1252 actually) to copy filtered resources, i.e. build is platform dependent!
2023-04-17 08:03:29,059 [Worker-29: Building] INFO  o.e.m.c.i.embedder.EclipseLogger - Copying 0 resource
2023-04-17 08:03:29,061 [Worker-29: Building] WARN  o.e.m.c.i.embedder.EclipseLogger - Using platform encoding (Cp1252 actually) to copy filtered resources, i.e. build is platform dependent!
2023-04-17 08:03:29,061 [Worker-29: Building] INFO  o.e.m.c.i.embedder.EclipseLogger - Copying 0 resource
2023-04-17 08:04:46,904 [Worker-27: Launching B008_dynamicWebtable] WARN  o.e.m.c.i.embedder.EclipseLogger - Using platform encoding (Cp1252 actually) to copy filtered resources, i.e. build is platform dependent!
2023-04-17 08:04:46,905 [Worker-27: Launching B008_dynamicWebtable] INFO  o.e.m.c.i.embedder.EclipseLogger - Copying 0 resource
2023-04-17 08:04:46,912 [Worker-27: Launching B008_dynamicWebtable] WARN  o.e.m.c.i.embedder.EclipseLogger - Using platform encoding (Cp1252 actually) to copy filtered resources, i.e. build is platform dependent!
2023-04-17 08:04:46,913 [Worker-27: Launching B008_dynamicWebtable] INFO  o.e.m.c.i.embedder.EclipseLogger - Copying 0 resource
2023-04-17 08:05:20,718 [Worker-27: Building] WARN  o.e.m.c.i.embedder.EclipseLogger - Using platform encoding (Cp1252 actually) to copy filtered resources, i.e. build is platform dependent!
2023-04-17 08:05:20,718 [Worker-27: Building] INFO  o.e.m.c.i.embedder.EclipseLogger - Copying 0 resource
2023-04-17 08:05:20,720 [Worker-27: Building] WARN  o.e.m.c.i.embedder.EclipseLogger - Using platform encoding (Cp1252 actually) to copy filtered resources, i.e. build is platform dependent!
2023-04-17 08:05:20,721 [Worker-27: Building] INFO  o.e.m.c.i.embedder.EclipseLogger - Copying 0 resource
2023-04-17 08:05:34,392 [Worker-31: Building] WARN  o.e.m.c.i.embedder.EclipseLogger - Using platform encoding (Cp1252 actually) to copy filtered resources, i.e. build is platform dependent!
2023-04-17 08:05:34,395 [Worker-31: Building] INFO  o.e.m.c.i.embedder.EclipseLogger - Copying 0 resource
2023-04-17 08:05:34,406 [Worker-31: Building] WARN  o.e.m.c.i.embedder.EclipseLogger - Using platform encoding (Cp1252 actually) to copy filtered resources, i.e. build is platform dependent!
2023-04-17 08:05:34,408 [Worker-31: Building] INFO  o.e.m.c.i.embedder.EclipseLogger - Copying 0 resource
